Traceback (most recent call last):
  File "/home/runner/micromamba/envs/geocat-applications/lib/python3.14/site-packages/jupyter_cache/executors/utils.py", line 58, in single_nb_execution
    executenb(
    ~~~~~~~~~^
        nb,
        ^^^
    ...<4 lines>...
        **kwargs,
        ^^^^^^^^^
    )
    ^
  File "/home/runner/micromamba/envs/geocat-applications/lib/python3.14/site-packages/nbclient/client.py", line 1323, in execute
    return NotebookClient(nb=nb, resources=resources, km=km, **kwargs).execute()
           ~~~~~~~~~~~~~~~~~~~~~~~~~~~~~~~~~~~~~~~~~~~~~~~~~~~~~~~~~~~~~~~~~~~^^
  File "/home/runner/micromamba/envs/geocat-applications/lib/python3.14/site-packages/jupyter_core/utils/__init__.py", line 165, in wrapped
    return loop.run_until_complete(inner)
           ~~~~~~~~~~~~~~~~~~~~~~~^^^^^^^
  File "/home/runner/micromamba/envs/geocat-applications/lib/python3.14/asyncio/base_events.py", line 719, in run_until_complete
    return future.result()
           ~~~~~~~~~~~~~^^
  File "/home/runner/micromamba/envs/geocat-applications/lib/python3.14/site-packages/nbclient/client.py", line 709, in async_execute
    await self.async_execute_cell(
        cell, index, execution_count=self.code_cells_executed + 1
    )
  File "/home/runner/micromamba/envs/geocat-applications/lib/python3.14/site-packages/nbclient/client.py", line 1062, in async_execute_cell
    await self._check_raise_for_error(cell, cell_index, exec_reply)
  File "/home/runner/micromamba/envs/geocat-applications/lib/python3.14/site-packages/nbclient/client.py", line 918, in _check_raise_for_error
    raise CellExecutionError.from_cell_and_msg(cell, exec_reply_content)
nbclient.exceptions.CellExecutionError: An error occurred while executing the following cell:
------------------
import numpy as np


# Convert latitude and longitude points to Cartesian Points (see: css2c)
def latlon_to_cart(lat, lon):
    from astropy.coordinates.representation import UnitSphericalRepresentation
    from astropy import units

    spherical_coords = UnitSphericalRepresentation(
        lat=lat * units.deg, lon=lon * units.deg
    )
    cart_coords = spherical_coords.to_cartesian()
    return np.array([cart_coords.x, cart_coords.y, cart_coords.z])


pt_within = latlon_to_cart(40.0150, -105.2705)  # Boulder
vertex_a = latlon_to_cart(50.0150, -105.2705)  # Point exactly 10 degrees above Boulder
vertex_b = latlon_to_cart(30.0150, -105.2705)  # Point exactly 10 degrees below Boulder

# Determine if point lies along great circle arc
from uxarray.grid.arcs import point_within_gca

print(
    f"Boulder lies within the great circle arc = {point_within_gca(pt_within, vertex_a, vertex_b)}"
)
------------------


[31m---------------------------------------------------------------------------[39m
[31mModuleNotFoundError[39m                       Traceback (most recent call last)
[36mCell[39m[36m [39m[32mIn[4][39m[32m, line 21[39m
[32m     18[39m vertex_b = latlon_to_cart([32m30.0150[39m, -[32m105.2705[39m)  [38;5;66;03m# Point exactly 10 degrees below Boulder[39;00m
[32m     20[39m [38;5;66;03m# Determine if point lies along great circle arc[39;00m
[32m---> [39m[32m21[39m [38;5;28;01mfrom[39;00m[38;5;250m [39m[34;01muxarray[39;00m[34;01m.[39;00m[34;01mgrid[39;00m[34;01m.[39;00m[34;01marcs[39;00m[38;5;250m [39m[38;5;28;01mimport[39;00m point_within_gca
[32m     23[39m [38;5;28mprint[39m(
[32m     24[39m     [33mf[39m[33m"[39m[33mBoulder lies within the great circle arc = [39m[38;5;132;01m{[39;00mpoint_within_gca(pt_within,[38;5;250m [39mvertex_a,[38;5;250m [39mvertex_b)[38;5;132;01m}[39;00m[33m"[39m
[32m     25[39m )

[36mFile [39m[32m~/micromamba/envs/geocat-applications/lib/python3.14/site-packages/uxarray/__init__.py:1[39m
[32m----> [39m[32m1[39m [38;5;28;01mfrom[39;00m[38;5;250m [39m[34;01m.[39;00m[34;01mgrid[39;00m[38;5;250m [39m[38;5;28;01mimport[39;00m *
[32m      2[39m [38;5;28;01mfrom[39;00m[38;5;250m [39m[34;01m.[39;00m[34;01mdataset[39;00m[38;5;250m [39m[38;5;28;01mimport[39;00m *
[32m      3[39m [38;5;28;01mfrom[39;00m[38;5;250m [39m[34;01m.[39;00m[34;01mhelpers[39;00m[38;5;250m [39m[38;5;28;01mimport[39;00m *

[36mFile [39m[32m~/micromamba/envs/geocat-applications/lib/python3.14/site-packages/uxarray/grid.py:13[39m
[32m     11[39m [38;5;28;01mfrom[39;00m[38;5;250m [39m[34;01m.[39;00m[34;01m_shapefile[39;00m[38;5;250m [39m[38;5;28;01mimport[39;00m _read_shpfile
[32m     12[39m [38;5;28;01mfrom[39;00m[38;5;250m [39m[34;01m.[39;00m[34;01m_scrip[39;00m[38;5;250m [39m[38;5;28;01mimport[39;00m _read_scrip
[32m---> [39m[32m13[39m [38;5;28;01mfrom[39;00m[38;5;250m [39m[34;01m.[39;00m[34;01mhelpers[39;00m[38;5;250m [39m[38;5;28;01mimport[39;00m get_all_face_area_from_coords
[32m     16[39m [38;5;28;01mclass[39;00m[38;5;250m [39m[34;01mGrid[39;00m:
[32m     17[39m [38;5;250m    [39m[33;03m"""The Uxarray Grid object class that describes an unstructured grid.[39;00m
[32m     18[39m 
[32m     19[39m [33;03m    Examples[39;00m
[32m   (...)[39m[32m     28[39m [33;03m    >>> mesh.write("outfile.ug")[39;00m
[32m     29[39m [33;03m    """[39;00m

[36mFile [39m[32m~/micromamba/envs/geocat-applications/lib/python3.14/site-packages/uxarray/helpers.py:5[39m
[32m      2[39m [38;5;28;01mimport[39;00m[38;5;250m [39m[34;01mxarray[39;00m[38;5;250m [39m[38;5;28;01mas[39;00m[38;5;250m [39m[34;01mxr[39;00m
[32m      3[39m [38;5;28;01mfrom[39;00m[38;5;250m [39m[34;01mpathlib[39;00m[38;5;250m [39m[38;5;28;01mimport[39;00m PurePath
[32m----> [39m[32m5[39m [38;5;28;01mfrom[39;00m[38;5;250m [39m[34;01m.[39;00m[34;01mget_quadratureDG[39;00m[38;5;250m [39m[38;5;28;01mimport[39;00m get_gauss_quadratureDG, get_tri_quadratureDG
[32m      6[39m [38;5;28;01mfrom[39;00m[38;5;250m [39m[34;01mnumba[39;00m[38;5;250m [39m[38;5;28;01mimport[39;00m njit, config
[32m      8[39m config.DISABLE_JIT = [38;5;28;01mFalse[39;00m

[36mFile [39m[32m~/micromamba/envs/geocat-applications/lib/python3.14/site-packages/uxarray/get_quadratureDG.py:2[39m
[32m      1[39m [38;5;28;01mimport[39;00m[38;5;250m [39m[34;01mnumpy[39;00m[38;5;250m [39m[38;5;28;01mas[39;00m[38;5;250m [39m[34;01mnp[39;00m
[32m----> [39m[32m2[39m [38;5;28;01mfrom[39;00m[38;5;250m [39m[34;01mnumba[39;00m[38;5;250m [39m[38;5;28;01mimport[39;00m njit, config
[32m      4[39m config.DISABLE_JIT = [38;5;28;01mFalse[39;00m
[32m      7[39m [38;5;129m@njit[39m
[32m      8[39m [38;5;28;01mdef[39;00m[38;5;250m [39m[34mget_gauss_quadratureDG[39m(nCount):

[31mModuleNotFoundError[39m: No module named 'numba'

