Traceback (most recent call last):
  File "/home/runner/micromamba/envs/geocat-applications/lib/python3.12/site-packages/jupyter_cache/executors/utils.py", line 58, in single_nb_execution
    executenb(
  File "/home/runner/micromamba/envs/geocat-applications/lib/python3.12/site-packages/nbclient/client.py", line 1314, in execute
    return NotebookClient(nb=nb, resources=resources, km=km, **kwargs).execute()
           ^^^^^^^^^^^^^^^^^^^^^^^^^^^^^^^^^^^^^^^^^^^^^^^^^^^^^^^^^^^^^^^^^^^^^
  File "/home/runner/micromamba/envs/geocat-applications/lib/python3.12/site-packages/jupyter_core/utils/__init__.py", line 165, in wrapped
    return loop.run_until_complete(inner)
           ^^^^^^^^^^^^^^^^^^^^^^^^^^^^^^
  File "/home/runner/micromamba/envs/geocat-applications/lib/python3.12/asyncio/base_events.py", line 687, in run_until_complete
    return future.result()
           ^^^^^^^^^^^^^^^
  File "/home/runner/micromamba/envs/geocat-applications/lib/python3.12/site-packages/nbclient/client.py", line 709, in async_execute
    await self.async_execute_cell(
  File "/home/runner/micromamba/envs/geocat-applications/lib/python3.12/site-packages/nbclient/client.py", line 1062, in async_execute_cell
    await self._check_raise_for_error(cell, cell_index, exec_reply)
  File "/home/runner/micromamba/envs/geocat-applications/lib/python3.12/site-packages/nbclient/client.py", line 918, in _check_raise_for_error
    raise CellExecutionError.from_cell_and_msg(cell, exec_reply_content)
nbclient.exceptions.CellExecutionError: An error occurred while executing the following cell:
------------------
# Input: Single Value
from geocat.comp.meteorology import dewtemp

kelvin = 273.15  # Kelvin
temp_c = 18  # Celsius
relative_humidty = 46.5  # %

dewtemp(temp_c + kelvin, relative_humidty) - kelvin  # Returns in Celsius
------------------


[0;31m---------------------------------------------------------------------------[0m
[0;31mModuleNotFoundError[0m                       Traceback (most recent call last)
Cell [0;32mIn[1], line 2[0m
[1;32m      1[0m [38;5;66;03m# Input: Single Value[39;00m
[0;32m----> 2[0m [38;5;28;01mfrom[39;00m [38;5;21;01mgeocat[39;00m[38;5;21;01m.[39;00m[38;5;21;01mcomp[39;00m[38;5;21;01m.[39;00m[38;5;21;01mmeteorology[39;00m [38;5;28;01mimport[39;00m dewtemp
[1;32m      4[0m kelvin [38;5;241m=[39m [38;5;241m273.15[39m  [38;5;66;03m# Kelvin[39;00m
[1;32m      5[0m temp_c [38;5;241m=[39m [38;5;241m18[39m  [38;5;66;03m# Celsius[39;00m

[0;31mModuleNotFoundError[0m: No module named 'geocat.comp'

