Traceback (most recent call last):
  File "/home/runner/micromamba/envs/geocat-applications/lib/python3.14/site-packages/jupyter_cache/executors/utils.py", line 58, in single_nb_execution
    executenb(
    ~~~~~~~~~^
        nb,
        ^^^
    ...<4 lines>...
        **kwargs,
        ^^^^^^^^^
    )
    ^
  File "/home/runner/micromamba/envs/geocat-applications/lib/python3.14/site-packages/nbclient/client.py", line 1323, in execute
    return NotebookClient(nb=nb, resources=resources, km=km, **kwargs).execute()
           ~~~~~~~~~~~~~~~~~~~~~~~~~~~~~~~~~~~~~~~~~~~~~~~~~~~~~~~~~~~~~~~~~~~^^
  File "/home/runner/micromamba/envs/geocat-applications/lib/python3.14/site-packages/jupyter_core/utils/__init__.py", line 165, in wrapped
    return loop.run_until_complete(inner)
           ~~~~~~~~~~~~~~~~~~~~~~~^^^^^^^
  File "/home/runner/micromamba/envs/geocat-applications/lib/python3.14/asyncio/base_events.py", line 719, in run_until_complete
    return future.result()
           ~~~~~~~~~~~~~^^
  File "/home/runner/micromamba/envs/geocat-applications/lib/python3.14/site-packages/nbclient/client.py", line 709, in async_execute
    await self.async_execute_cell(
        cell, index, execution_count=self.code_cells_executed + 1
    )
  File "/home/runner/micromamba/envs/geocat-applications/lib/python3.14/site-packages/nbclient/client.py", line 1062, in async_execute_cell
    await self._check_raise_for_error(cell, cell_index, exec_reply)
  File "/home/runner/micromamba/envs/geocat-applications/lib/python3.14/site-packages/nbclient/client.py", line 918, in _check_raise_for_error
    raise CellExecutionError.from_cell_and_msg(cell, exec_reply_content)
nbclient.exceptions.CellExecutionError: An error occurred while executing the following cell:
------------------
from pythia_datasets import DATASETS
import xarray as xr

# Get data
filepath = DATASETS.fetch("CESM2_sst_data.nc")
ds = xr.open_dataset(filepath)

ds
------------------


[31m---------------------------------------------------------------------------[39m
[31mModuleNotFoundError[39m                       Traceback (most recent call last)
[36mCell[39m[36m [39m[32mIn[1][39m[32m, line 1[39m
[32m----> [39m[32m1[39m [38;5;28;01mfrom[39;00m[38;5;250m [39m[34;01mpythia_datasets[39;00m[38;5;250m [39m[38;5;28;01mimport[39;00m DATASETS
[32m      2[39m [38;5;28;01mimport[39;00m[38;5;250m [39m[34;01mxarray[39;00m[38;5;250m [39m[38;5;28;01mas[39;00m[38;5;250m [39m[34;01mxr[39;00m
[32m      4[39m [38;5;66;03m# Get data[39;00m

[36mFile [39m[32m~/micromamba/envs/geocat-applications/lib/python3.14/site-packages/pythia_datasets/__init__.py:4[39m
[32m      1[39m [38;5;66;03m#!/usr/bin/env python3[39;00m
[32m      2[39m [38;5;66;03m# flake8: noqa[39;00m
[32m      3[39m [33;03m"""Top-level module for pythia-datasets ."""[39;00m
[32m----> [39m[32m4[39m [38;5;28;01mfrom[39;00m[38;5;250m [39m[34;01mpkg_resources[39;00m[38;5;250m [39m[38;5;28;01mimport[39;00m DistributionNotFound, get_distribution
[32m      6[39m [38;5;28;01mfrom[39;00m[38;5;250m [39m[34;01m.[39;00m[34;01mdatasets[39;00m[38;5;250m [39m[38;5;28;01mimport[39;00m DATASETS, locate
[32m      8[39m [38;5;28;01mtry[39;00m:

[31mModuleNotFoundError[39m: No module named 'pkg_resources'

