Traceback (most recent call last):
  File "/home/runner/micromamba/envs/geocat-applications/lib/python3.14/site-packages/jupyter_cache/executors/utils.py", line 58, in single_nb_execution
    executenb(
    ~~~~~~~~~^
        nb,
        ^^^
    ...<4 lines>...
        **kwargs,
        ^^^^^^^^^
    )
    ^
  File "/home/runner/micromamba/envs/geocat-applications/lib/python3.14/site-packages/nbclient/client.py", line 1323, in execute
    return NotebookClient(nb=nb, resources=resources, km=km, **kwargs).execute()
           ~~~~~~~~~~~~~~~~~~~~~~~~~~~~~~~~~~~~~~~~~~~~~~~~~~~~~~~~~~~~~~~~~~~^^
  File "/home/runner/micromamba/envs/geocat-applications/lib/python3.14/site-packages/jupyter_core/utils/__init__.py", line 165, in wrapped
    return loop.run_until_complete(inner)
           ~~~~~~~~~~~~~~~~~~~~~~~^^^^^^^
  File "/home/runner/micromamba/envs/geocat-applications/lib/python3.14/asyncio/base_events.py", line 719, in run_until_complete
    return future.result()
           ~~~~~~~~~~~~~^^
  File "/home/runner/micromamba/envs/geocat-applications/lib/python3.14/site-packages/nbclient/client.py", line 709, in async_execute
    await self.async_execute_cell(
        cell, index, execution_count=self.code_cells_executed + 1
    )
  File "/home/runner/micromamba/envs/geocat-applications/lib/python3.14/site-packages/nbclient/client.py", line 1062, in async_execute_cell
    await self._check_raise_for_error(cell, cell_index, exec_reply)
  File "/home/runner/micromamba/envs/geocat-applications/lib/python3.14/site-packages/nbclient/client.py", line 918, in _check_raise_for_error
    raise CellExecutionError.from_cell_and_msg(cell, exec_reply_content)
nbclient.exceptions.CellExecutionError: An error occurred while executing the following cell:
------------------
# example data
time = np.arange(10+1)
lon = np.linspace(0, 360, 5)

# wave moves east (progressive)
wave = np.sin(2  * (0.1 * time[:, None] - 0.05 * lon[None, :]))
example_data = xr.DataArray(wave, dims=('time', 'lon'),
                            coords={'time': time, 'lon': lon})

resolveWavesHayashi(example_data, 1, 1)
------------------

----- stdout -----
5
2
[[nan nan]
 [nan nan]
 [nan nan]
 [nan nan]
 [nan nan]]
------------------

[31m---------------------------------------------------------------------------[39m
[31mValueError[39m                                Traceback (most recent call last)
[36mCell[39m[36m [39m[32mIn[10][39m[32m, line 10[39m
[32m      6[39m wave = np.sin([32m2[39m  * ([32m0.1[39m * time[:, [38;5;28;01mNone[39;00m] - [32m0.05[39m * lon[[38;5;28;01mNone[39;00m, :]))
[32m      7[39m example_data = xr.DataArray(wave, dims=([33m'[39m[33mtime[39m[33m'[39m, [33m'[39m[33mlon[39m[33m'[39m),
[32m      8[39m                             coords={[33m'[39m[33mtime[39m[33m'[39m: time, [33m'[39m[33mlon[39m[33m'[39m: lon})
[32m---> [39m[32m10[39m [43mresolveWavesHayashi[49m[43m([49m[43mexample_data[49m[43m,[49m[43m [49m[32;43m1[39;49m[43m,[49m[43m [49m[32;43m1[39;49m[43m)[49m

[36mCell[39m[36m [39m[32mIn[9][39m[32m, line 23[39m, in [36mresolveWavesHayashi[39m[34m(var_fft, nDayWin, spd)[39m
[32m     21[39m [38;5;66;03m# Create the real power spectrum pow_arr = sqrt(real^2+imag^2)^2[39;00m
[32m     22[39m var_fft = np.abs(var_fft) ** [32m2[39m    
[32m---> [39m[32m23[39m [43mpow_arr[49m[43m[[49m[43m [49m[43m:[49m[43m [49m[43mn_i[49m[43m,[49m[43m [49m[43m:[49m[43m [49m[43mmlon_i[49m[43m][49m = var_fft[n_i : N, mlon_i : [32m0[39m:-[32m1[39m]
[32m     24[39m pow_arr[n_i : , : mlon_i ] = var_fft[ : n_i + [32m1[39m, mlon_i : [32m0[39m : -[32m1[39m]
[32m     25[39m pow_arr[ : n_i + [32m1[39m, mlon_i : ] = var_fft[ n_i : : -[32m1[39m, : mlon_i + [32m1[39m]

[31mValueError[39m: could not broadcast input array from shape (6,2) into shape (5,2)

