Traceback (most recent call last):
  File "/home/runner/micromamba/envs/geocat-applications/lib/python3.14/site-packages/jupyter_cache/executors/utils.py", line 58, in single_nb_execution
    executenb(
    ~~~~~~~~~^
        nb,
        ^^^
    ...<4 lines>...
        **kwargs,
        ^^^^^^^^^
    )
    ^
  File "/home/runner/micromamba/envs/geocat-applications/lib/python3.14/site-packages/nbclient/client.py", line 1323, in execute
    return NotebookClient(nb=nb, resources=resources, km=km, **kwargs).execute()
           ~~~~~~~~~~~~~~~~~~~~~~~~~~~~~~~~~~~~~~~~~~~~~~~~~~~~~~~~~~~~~~~~~~~^^
  File "/home/runner/micromamba/envs/geocat-applications/lib/python3.14/site-packages/jupyter_core/utils/__init__.py", line 165, in wrapped
    return loop.run_until_complete(inner)
           ~~~~~~~~~~~~~~~~~~~~~~~^^^^^^^
  File "/home/runner/micromamba/envs/geocat-applications/lib/python3.14/asyncio/base_events.py", line 719, in run_until_complete
    return future.result()
           ~~~~~~~~~~~~~^^
  File "/home/runner/micromamba/envs/geocat-applications/lib/python3.14/site-packages/nbclient/client.py", line 709, in async_execute
    await self.async_execute_cell(
        cell, index, execution_count=self.code_cells_executed + 1
    )
  File "/home/runner/micromamba/envs/geocat-applications/lib/python3.14/site-packages/nbclient/client.py", line 1062, in async_execute_cell
    await self._check_raise_for_error(cell, cell_index, exec_reply)
  File "/home/runner/micromamba/envs/geocat-applications/lib/python3.14/site-packages/nbclient/client.py", line 918, in _check_raise_for_error
    raise CellExecutionError.from_cell_and_msg(cell, exec_reply_content)
nbclient.exceptions.CellExecutionError: An error occurred while executing the following cell:
------------------
import geocat.datafiles as gcd
import xarray as xr
from osgeo import gdal
import geopandas as gpd # shapefiles

# netCDF file format family: netCDF, HDF5, and HDF-EOS5
netCDF_datafile = xr.open_dataset(gcd.get("netcdf_files/1994_256_FSD.nc"))
assert isinstance(netCDF_datafile, xr.Dataset), "netCDF file failed to load into Xarray"
assert netCDF_datafile, "netCDF files failed to load"
assert not netCDF_datafile is None, "netCDF file is empty"

CDF_datafile = xr.open_dataset(gcd.get("netcdf_files/941110_P.cdf"))
assert isinstance(CDF_datafile, xr.Dataset), "CDF file failed to load into Xarray"
assert CDF_datafile, "CDF files failed to load"
assert not CDF_datafile is None, "CDF file is empty"

# Non-HDF5 file format family: HDF and HDF-EOS
HDF_datafile = xr.open_dataset(gcd.get("hdf_files/avhrr.hdf"), engine="netcdf4")
assert isinstance(HDF_datafile, xr.Dataset), "HDF file failed to load into Xarray"
assert HDF_datafile, "HDF files failed to load"
assert not HDF_datafile is None, "HDF file is empty"

HE2_datafile = xr.open_dataset(gcd.get("hdf_files/MOD04_L2.A2001066.0000.004.2003078090622.he2"), engine="netcdf4")
assert isinstance(HE2_datafile, xr.Dataset), "he2 file failed to load into Xarray"
assert HE2_datafile, "he2 files failed to load"
assert not HE2_datafile is None, "he2 file is empty"

# GRIB file format family
grib_datafile = xr.open_dataset(gcd.get("grib_files/POT.grb"), engine="cfgrib")
assert isinstance(grib_datafile, xr.Dataset), "GRIB file failed to load into Xarray"
assert grib_datafile, "GRIB files failed to load"
assert not grib_datafile is None, "GRIB file is empty"

grb2_datafile = xr.open_dataset(gcd.get("grib_files/200711210135_NCV_CEILING_A.grb2"), engine="cfgrib")
assert isinstance(grb2_datafile, xr.Dataset), "grb2 file failed to load into Xarray"
assert grb2_datafile, "grb2 files failed to load"
assert not grb2_datafile is None, "grb2 file is empty"

# Shapefile file format family
shp_datafile = gpd.read_file(gcd.get("shape_files/states.shp"))
assert isinstance(shp_datafile, gpd.GeoDataFrame), "shp file failed to load into GeoPandas"
assert not shp_datafile.empty, "shp is empty"

shx_datafile = gpd.read_file(gcd.get("shape_files/countyl010g.shx"))
assert isinstance(shx_datafile, gpd.GeoDataFrame), "shx file failed to load into GeoPandas"
assert not shx_datafile.empty, "shx is empty"
------------------

----- stderr -----
Downloading file 'netcdf_files/941110_P.cdf' from 'https://github.com/NCAR/geocat-datafiles/raw/main/netcdf_files/941110_P.cdf' to '/home/runner/.cache/geocat'.
----- stderr -----
Downloading file 'hdf_files/MOD04_L2.A2001066.0000.004.2003078090622.he2' from 'https://github.com/NCAR/geocat-datafiles/raw/main/hdf_files/MOD04_L2.A2001066.0000.004.2003078090622.he2' to '/home/runner/.cache/geocat'.
----- stderr -----
Downloading file 'grib_files/200711210135_NCV_CEILING_A.grb2' from 'https://github.com/NCAR/geocat-datafiles/raw/main/grib_files/200711210135_NCV_CEILING_A.grb2' to '/home/runner/.cache/geocat'.
----- stderr -----
Downloading file 'shape_files/countyl010g.shx' from 'https://github.com/NCAR/geocat-datafiles/raw/main/shape_files/countyl010g.shx' to '/home/runner/.cache/geocat'.
------------------

[31m---------------------------------------------------------------------------[39m
[31mDataSourceError[39m                           Traceback (most recent call last)
[36mCell[39m[36m [39m[32mIn[1][39m[32m, line 44[39m
[32m     40[39m shp_datafile = gpd.read_file(gcd.get([33m"shape_files/states.shp"[39m))
[32m     41[39m [38;5;28;01massert[39;00m isinstance(shp_datafile, gpd.GeoDataFrame), [33m"shp file failed to load into GeoPandas"[39m
[32m     42[39m [38;5;28;01massert[39;00m [38;5;28;01mnot[39;00m shp_datafile.empty, [33m"shp is empty"[39m
[32m     43[39m 
[32m---> [39m[32m44[39m shx_datafile = gpd.read_file(gcd.get([33m"shape_files/countyl010g.shx"[39m))
[32m     45[39m [38;5;28;01massert[39;00m isinstance(shx_datafile, gpd.GeoDataFrame), [33m"shx file failed to load into GeoPandas"[39m
[32m     46[39m [38;5;28;01massert[39;00m [38;5;28;01mnot[39;00m shx_datafile.empty, [33m"shx is empty"[39m

[36mFile [39m[32m~/micromamba/envs/geocat-applications/lib/python3.14/site-packages/geopandas/io/file.py:316[39m, in [36m_read_file[39m[34m(filename, bbox, mask, columns, rows, engine, **kwargs)[39m
[32m    313[39m             filename = response.read()
[32m    315[39m [38;5;28;01mif[39;00m engine == [33m"[39m[33mpyogrio[39m[33m"[39m:
[32m--> [39m[32m316[39m     [38;5;28;01mreturn[39;00m [43m_read_file_pyogrio[49m[43m([49m
[32m    317[39m [43m        [49m[43mfilename[49m[43m,[49m[43m [49m[43mbbox[49m[43m=[49m[43mbbox[49m[43m,[49m[43m [49m[43mmask[49m[43m=[49m[43mmask[49m[43m,[49m[43m [49m[43mcolumns[49m[43m=[49m[43mcolumns[49m[43m,[49m[43m [49m[43mrows[49m[43m=[49m[43mrows[49m[43m,[49m[43m [49m[43m*[49m[43m*[49m[43mkwargs[49m
[32m    318[39m [43m    [49m[43m)[49m
[32m    320[39m [38;5;28;01melif[39;00m engine == [33m"[39m[33mfiona[39m[33m"[39m:
[32m    321[39m     [38;5;28;01mif[39;00m pd.api.types.is_file_like(filename):

[36mFile [39m[32m~/micromamba/envs/geocat-applications/lib/python3.14/site-packages/geopandas/io/file.py:576[39m, in [36m_read_file_pyogrio[39m[34m(path_or_bytes, bbox, mask, rows, **kwargs)[39m
[32m    567[39m     warnings.warn(
[32m    568[39m         [33m"[39m[33mThe [39m[33m'[39m[33minclude_fields[39m[33m'[39m[33m and [39m[33m'[39m[33mignore_fields[39m[33m'[39m[33m keywords are deprecated, and [39m[33m"[39m
[32m    569[39m         [33m"[39m[33mwill be removed in a future release. You can use the [39m[33m'[39m[33mcolumns[39m[33m'[39m[33m keyword [39m[33m"[39m
[32m   (...)[39m[32m    572[39m         stacklevel=[32m3[39m,
[32m    573[39m     )
[32m    574[39m     kwargs[[33m"[39m[33mcolumns[39m[33m"[39m] = kwargs.pop([33m"[39m[33minclude_fields[39m[33m"[39m)
[32m--> [39m[32m576[39m [38;5;28;01mreturn[39;00m [43mpyogrio[49m[43m.[49m[43mread_dataframe[49m[43m([49m[43mpath_or_bytes[49m[43m,[49m[43m [49m[43mbbox[49m[43m=[49m[43mbbox[49m[43m,[49m[43m [49m[43m*[49m[43m*[49m[43mkwargs[49m[43m)[49m

[36mFile [39m[32m~/micromamba/envs/geocat-applications/lib/python3.14/site-packages/pyogrio/geopandas.py:382[39m, in [36mread_dataframe[39m[34m(path_or_buffer, layer, encoding, columns, read_geometry, force_2d, skip_features, max_features, where, bbox, mask, fids, sql, sql_dialect, fid_as_index, use_arrow, on_invalid, arrow_to_pandas_kwargs, datetime_as_string, mixed_offsets_as_utc, **kwargs)[39m
[32m    374[39m gdal_force_2d = [38;5;28;01mFalse[39;00m [38;5;28;01mif[39;00m use_arrow [38;5;28;01melse[39;00m force_2d
[32m    376[39m [38;5;66;03m# Always read datetimes as string values to preserve (mixed) time zone info[39;00m
[32m    377[39m [38;5;66;03m# correctly. If arrow is not used, it is needed because numpy does not[39;00m
[32m    378[39m [38;5;66;03m# directly support time zones + performance is also a lot better. If arrow[39;00m
[32m    379[39m [38;5;66;03m# is used, needed because datetime columns don't support mixed time zone[39;00m
[32m    380[39m [38;5;66;03m# offsets + e.g. for .fgb files time zone info isn't handled correctly even[39;00m
[32m    381[39m [38;5;66;03m# for unique time zone offsets if datetimes are not read as string.[39;00m
[32m--> [39m[32m382[39m result = [43mread_func[49m[43m([49m
[32m    383[39m [43m    [49m[43mpath_or_buffer[49m[43m,[49m
[32m    384[39m [43m    [49m[43mlayer[49m[43m=[49m[43mlayer[49m[43m,[49m
[32m    385[39m [43m    [49m[43mencoding[49m[43m=[49m[43mencoding[49m[43m,[49m
[32m    386[39m [43m    [49m[43mcolumns[49m[43m=[49m[43mcolumns[49m[43m,[49m
[32m    387[39m [43m    [49m[43mread_geometry[49m[43m=[49m[43mread_geometry[49m[43m,[49m
[32m    388[39m [43m    [49m[43mforce_2d[49m[43m=[49m[43mgdal_force_2d[49m[43m,[49m
[32m    389[39m [43m    [49m[43mskip_features[49m[43m=[49m[43mskip_features[49m[43m,[49m
[32m    390[39m [43m    [49m[43mmax_features[49m[43m=[49m[43mmax_features[49m[43m,[49m
[32m    391[39m [43m    [49m[43mwhere[49m[43m=[49m[43mwhere[49m[43m,[49m
[32m    392[39m [43m    [49m[43mbbox[49m[43m=[49m[43mbbox[49m[43m,[49m
[32m    393[39m [43m    [49m[43mmask[49m[43m=[49m[43mmask[49m[43m,[49m
[32m    394[39m [43m    [49m[43mfids[49m[43m=[49m[43mfids[49m[43m,[49m
[32m    395[39m [43m    [49m[43msql[49m[43m=[49m[43msql[49m[43m,[49m
[32m    396[39m [43m    [49m[43msql_dialect[49m[43m=[49m[43msql_dialect[49m[43m,[49m
[32m    397[39m [43m    [49m[43mreturn_fids[49m[43m=[49m[43mfid_as_index[49m[43m,[49m
[32m    398[39m [43m    [49m[43mdatetime_as_string[49m[43m=[49m[38;5;28;43;01mTrue[39;49;00m[43m,[49m
[32m    399[39m [43m    [49m[43m*[49m[43m*[49m[43mkwargs[49m[43m,[49m
[32m    400[39m [43m[49m[43m)[49m
[32m    402[39m [38;5;28;01mif[39;00m use_arrow:
[32m    403[39m     [38;5;28;01mimport[39;00m[38;5;250m [39m[34;01mpyarrow[39;00m[38;5;250m [39m[38;5;28;01mas[39;00m[38;5;250m [39m[34;01mpa[39;00m

[36mFile [39m[32m~/micromamba/envs/geocat-applications/lib/python3.14/site-packages/pyogrio/raw.py:200[39m, in [36mread[39m[34m(path_or_buffer, layer, encoding, columns, read_geometry, force_2d, skip_features, max_features, where, bbox, mask, fids, sql, sql_dialect, return_fids, datetime_as_string, **kwargs)[39m
[32m     59[39m [38;5;250m[39m[33;03m"""Read OGR data source into numpy arrays.[39;00m
[32m     60[39m 
[32m     61[39m [33;03mIMPORTANT: non-linear geometry types (e.g., MultiSurface) are converted[39;00m
[32m   (...)[39m[32m    196[39m 
[32m    197[39m [33;03m"""[39;00m
[32m    198[39m dataset_kwargs = _preprocess_options_key_value(kwargs) [38;5;28;01mif[39;00m kwargs [38;5;28;01melse[39;00m {}
[32m--> [39m[32m200[39m [38;5;28;01mreturn[39;00m [43mogr_read[49m[43m([49m
[32m    201[39m [43m    [49m[43mget_vsi_path_or_buffer[49m[43m([49m[43mpath_or_buffer[49m[43m)[49m[43m,[49m
[32m    202[39m [43m    [49m[43mlayer[49m[43m=[49m[43mlayer[49m[43m,[49m
[32m    203[39m [43m    [49m[43mencoding[49m[43m=[49m[43mencoding[49m[43m,[49m
[32m    204[39m [43m    [49m[43mcolumns[49m[43m=[49m[43mcolumns[49m[43m,[49m
[32m    205[39m [43m    [49m[43mread_geometry[49m[43m=[49m[43mread_geometry[49m[43m,[49m
[32m    206[39m [43m    [49m[43mforce_2d[49m[43m=[49m[43mforce_2d[49m[43m,[49m
[32m    207[39m [43m    [49m[43mskip_features[49m[43m=[49m[43mskip_features[49m[43m,[49m
[32m    208[39m [43m    [49m[43mmax_features[49m[43m=[49m[43mmax_features[49m[43m [49m[38;5;129;43;01mor[39;49;00m[43m [49m[32;43m0[39;49m[43m,[49m
[32m    209[39m [43m    [49m[43mwhere[49m[43m=[49m[43mwhere[49m[43m,[49m
[32m    210[39m [43m    [49m[43mbbox[49m[43m=[49m[43mbbox[49m[43m,[49m
[32m    211[39m [43m    [49m[43mmask[49m[43m=[49m[43m_mask_to_wkb[49m[43m([49m[43mmask[49m[43m)[49m[43m,[49m
[32m    212[39m [43m    [49m[43mfids[49m[43m=[49m[43mfids[49m[43m,[49m
[32m    213[39m [43m    [49m[43msql[49m[43m=[49m[43msql[49m[43m,[49m
[32m    214[39m [43m    [49m[43msql_dialect[49m[43m=[49m[43msql_dialect[49m[43m,[49m
[32m    215[39m [43m    [49m[43mreturn_fids[49m[43m=[49m[43mreturn_fids[49m[43m,[49m
[32m    216[39m [43m    [49m[43mdataset_kwargs[49m[43m=[49m[43mdataset_kwargs[49m[43m,[49m
[32m    217[39m [43m    [49m[43mdatetime_as_string[49m[43m=[49m[43mdatetime_as_string[49m[43m,[49m
[32m    218[39m [43m[49m[43m)[49m

[36mFile [39m[32mpyogrio/_io.pyx:1412[39m, in [36mpyogrio._io.ogr_read[39m[34m()[39m
[32m-> [39m[32m1412[39m [33m'Could not get source, probably due dynamically evaluated source code.'[39m

[36mFile [39m[32mpyogrio/_io.pyx:262[39m, in [36mpyogrio._io.ogr_open[39m[34m()[39m
[32m--> [39m[32m262[39m [33m'Could not get source, probably due dynamically evaluated source code.'[39m

[31mDataSourceError[39m: Unable to open /home/runner/.cache/geocat/shape_files/countyl010g.shp or /home/runner/.cache/geocat/shape_files/countyl010g.SHP in rb mode.

